Determining if the include file malloc/malloc.h exists failed with the following output:
Change Dir: /home/abinesh/eosio.cdt/build/EosioClang-prefix/src/EosioClang-build/CMakeFiles/CMakeTmp

Run Build Command:"/usr/bin/make" "cmTC_94ead/fast"
make[3]: Entering directory '/home/abinesh/eosio.cdt/build/EosioClang-prefix/src/EosioClang-build/CMakeFiles/CMakeTmp'
/usr/bin/make -f CMakeFiles/cmTC_94ead.dir/build.make CMakeFiles/cmTC_94ead.dir/build
make[4]: Entering directory '/home/abinesh/eosio.cdt/build/EosioClang-prefix/src/EosioClang-build/CMakeFiles/CMakeTmp'
Building C object CMakeFiles/cmTC_94ead.dir/CheckIncludeFile.c.o
/usr/bin/cc    -o CMakeFiles/cmTC_94ead.dir/CheckIncludeFile.c.o   -c /home/abinesh/eosio.cdt/build/EosioClang-prefix/src/EosioClang-build/CMakeFiles/CMakeTmp/CheckIncludeFile.c
/home/abinesh/eosio.cdt/build/EosioClang-prefix/src/EosioClang-build/CMakeFiles/CMakeTmp/CheckIncludeFile.c:1:27: fatal error: malloc/malloc.h: No such file or directory
compilation terminated.
CMakeFiles/cmTC_94ead.dir/build.make:65: recipe for target 'CMakeFiles/cmTC_94ead.dir/CheckIncludeFile.c.o' failed
make[4]: *** [CMakeFiles/cmTC_94ead.dir/CheckIncludeFile.c.o] Error 1
make[4]: Leaving directory '/home/abinesh/eosio.cdt/build/EosioClang-prefix/src/EosioClang-build/CMakeFiles/CMakeTmp'
Makefile:126: recipe for target 'cmTC_94ead/fast' failed
make[3]: *** [cmTC_94ead/fast] Error 2
make[3]: Leaving directory '/home/abinesh/eosio.cdt/build/EosioClang-prefix/src/EosioClang-build/CMakeFiles/CMakeTmp'


Determining if the include file valgrind/valgrind.h exists failed with the following output:
Change Dir: /home/abinesh/eosio.cdt/build/EosioClang-prefix/src/EosioClang-build/CMakeFiles/CMakeTmp

Run Build Command:"/usr/bin/make" "cmTC_28699/fast"
make[3]: Entering directory '/home/abinesh/eosio.cdt/build/EosioClang-prefix/src/EosioClang-build/CMakeFiles/CMakeTmp'
/usr/bin/make -f CMakeFiles/cmTC_28699.dir/build.make CMakeFiles/cmTC_28699.dir/build
make[4]: Entering directory '/home/abinesh/eosio.cdt/build/EosioClang-prefix/src/EosioClang-build/CMakeFiles/CMakeTmp'
Building C object CMakeFiles/cmTC_28699.dir/CheckIncludeFile.c.o
/usr/bin/cc    -o CMakeFiles/cmTC_28699.dir/CheckIncludeFile.c.o   -c /home/abinesh/eosio.cdt/build/EosioClang-prefix/src/EosioClang-build/CMakeFiles/CMakeTmp/CheckIncludeFile.c
/home/abinesh/eosio.cdt/build/EosioClang-prefix/src/EosioClang-build/CMakeFiles/CMakeTmp/CheckIncludeFile.c:1:31: fatal error: valgrind/valgrind.h: No such file or directory
compilation terminated.
CMakeFiles/cmTC_28699.dir/build.make:65: recipe for target 'CMakeFiles/cmTC_28699.dir/CheckIncludeFile.c.o' failed
make[4]: *** [CMakeFiles/cmTC_28699.dir/CheckIncludeFile.c.o] Error 1
make[4]: Leaving directory '/home/abinesh/eosio.cdt/build/EosioClang-prefix/src/EosioClang-build/CMakeFiles/CMakeTmp'
Makefile:126: recipe for target 'cmTC_28699/fast' failed
make[3]: *** [cmTC_28699/fast] Error 2
make[3]: Leaving directory '/home/abinesh/eosio.cdt/build/EosioClang-prefix/src/EosioClang-build/CMakeFiles/CMakeTmp'


Determining if the include file mach/mach.h exists failed with the following output:
Change Dir: /home/abinesh/eosio.cdt/build/EosioClang-prefix/src/EosioClang-build/CMakeFiles/CMakeTmp

Run Build Command:"/usr/bin/make" "cmTC_e2161/fast"
make[3]: Entering directory '/home/abinesh/eosio.cdt/build/EosioClang-prefix/src/EosioClang-build/CMakeFiles/CMakeTmp'
/usr/bin/make -f CMakeFiles/cmTC_e2161.dir/build.make CMakeFiles/cmTC_e2161.dir/build
make[4]: Entering directory '/home/abinesh/eosio.cdt/build/EosioClang-prefix/src/EosioClang-build/CMakeFiles/CMakeTmp'
Building C object CMakeFiles/cmTC_e2161.dir/CheckIncludeFile.c.o
/usr/bin/cc    -o CMakeFiles/cmTC_e2161.dir/CheckIncludeFile.c.o   -c /home/abinesh/eosio.cdt/build/EosioClang-prefix/src/EosioClang-build/CMakeFiles/CMakeTmp/CheckIncludeFile.c
/home/abinesh/eosio.cdt/build/EosioClang-prefix/src/EosioClang-build/CMakeFiles/CMakeTmp/CheckIncludeFile.c:1:23: fatal error: mach/mach.h: No such file or directory
compilation terminated.
CMakeFiles/cmTC_e2161.dir/build.make:65: recipe for target 'CMakeFiles/cmTC_e2161.dir/CheckIncludeFile.c.o' failed
make[4]: *** [CMakeFiles/cmTC_e2161.dir/CheckIncludeFile.c.o] Error 1
make[4]: Leaving directory '/home/abinesh/eosio.cdt/build/EosioClang-prefix/src/EosioClang-build/CMakeFiles/CMakeTmp'
Makefile:126: recipe for target 'cmTC_e2161/fast' failed
make[3]: *** [cmTC_e2161/fast] Error 2
make[3]: Leaving directory '/home/abinesh/eosio.cdt/build/EosioClang-prefix/src/EosioClang-build/CMakeFiles/CMakeTmp'


Determining if the include file histedit.h exists failed with the following output:
Change Dir: /home/abinesh/eosio.cdt/build/EosioClang-prefix/src/EosioClang-build/CMakeFiles/CMakeTmp

Run Build Command:"/usr/bin/make" "cmTC_ec695/fast"
make[3]: Entering directory '/home/abinesh/eosio.cdt/build/EosioClang-prefix/src/EosioClang-build/CMakeFiles/CMakeTmp'
/usr/bin/make -f CMakeFiles/cmTC_ec695.dir/build.make CMakeFiles/cmTC_ec695.dir/build
make[4]: Entering directory '/home/abinesh/eosio.cdt/build/EosioClang-prefix/src/EosioClang-build/CMakeFiles/CMakeTmp'
Building C object CMakeFiles/cmTC_ec695.dir/CheckIncludeFile.c.o
/usr/bin/cc    -o CMakeFiles/cmTC_ec695.dir/CheckIncludeFile.c.o   -c /home/abinesh/eosio.cdt/build/EosioClang-prefix/src/EosioClang-build/CMakeFiles/CMakeTmp/CheckIncludeFile.c
/home/abinesh/eosio.cdt/build/EosioClang-prefix/src/EosioClang-build/CMakeFiles/CMakeTmp/CheckIncludeFile.c:1:22: fatal error: histedit.h: No such file or directory
compilation terminated.
CMakeFiles/cmTC_ec695.dir/build.make:65: recipe for target 'CMakeFiles/cmTC_ec695.dir/CheckIncludeFile.c.o' failed
make[4]: *** [CMakeFiles/cmTC_ec695.dir/CheckIncludeFile.c.o] Error 1
make[4]: Leaving directory '/home/abinesh/eosio.cdt/build/EosioClang-prefix/src/EosioClang-build/CMakeFiles/CMakeTmp'
Makefile:126: recipe for target 'cmTC_ec695/fast' failed
make[3]: *** [cmTC_ec695/fast] Error 2
make[3]: Leaving directory '/home/abinesh/eosio.cdt/build/EosioClang-prefix/src/EosioClang-build/CMakeFiles/CMakeTmp'


Determining if the include file CrashReporterClient.h exists failed with the following output:
Change Dir: /home/abinesh/eosio.cdt/build/EosioClang-prefix/src/EosioClang-build/CMakeFiles/CMakeTmp

Run Build Command:"/usr/bin/make" "cmTC_ac0a1/fast"
make[3]: Entering directory '/home/abinesh/eosio.cdt/build/EosioClang-prefix/src/EosioClang-build/CMakeFiles/CMakeTmp'
/usr/bin/make -f CMakeFiles/cmTC_ac0a1.dir/build.make CMakeFiles/cmTC_ac0a1.dir/build
make[4]: Entering directory '/home/abinesh/eosio.cdt/build/EosioClang-prefix/src/EosioClang-build/CMakeFiles/CMakeTmp'
Building C object CMakeFiles/cmTC_ac0a1.dir/CheckIncludeFile.c.o
/usr/bin/cc    -o CMakeFiles/cmTC_ac0a1.dir/CheckIncludeFile.c.o   -c /home/abinesh/eosio.cdt/build/EosioClang-prefix/src/EosioClang-build/CMakeFiles/CMakeTmp/CheckIncludeFile.c
/home/abinesh/eosio.cdt/build/EosioClang-prefix/src/EosioClang-build/CMakeFiles/CMakeTmp/CheckIncludeFile.c:1:33: fatal error: CrashReporterClient.h: No such file or directory
compilation terminated.
CMakeFiles/cmTC_ac0a1.dir/build.make:65: recipe for target 'CMakeFiles/cmTC_ac0a1.dir/CheckIncludeFile.c.o' failed
make[4]: *** [CMakeFiles/cmTC_ac0a1.dir/CheckIncludeFile.c.o] Error 1
make[4]: Leaving directory '/home/abinesh/eosio.cdt/build/EosioClang-prefix/src/EosioClang-build/CMakeFiles/CMakeTmp'
Makefile:126: recipe for target 'cmTC_ac0a1/fast' failed
make[3]: *** [cmTC_ac0a1/fast] Error 2
make[3]: Leaving directory '/home/abinesh/eosio.cdt/build/EosioClang-prefix/src/EosioClang-build/CMakeFiles/CMakeTmp'


Determining if the function pfm_initialize exists in the pfm failed with the following output:
Change Dir: /home/abinesh/eosio.cdt/build/EosioClang-prefix/src/EosioClang-build/CMakeFiles/CMakeTmp

Run Build Command:"/usr/bin/make" "cmTC_2362e/fast"
make[3]: Entering directory '/home/abinesh/eosio.cdt/build/EosioClang-prefix/src/EosioClang-build/CMakeFiles/CMakeTmp'
/usr/bin/make -f CMakeFiles/cmTC_2362e.dir/build.make CMakeFiles/cmTC_2362e.dir/build
make[4]: Entering directory '/home/abinesh/eosio.cdt/build/EosioClang-prefix/src/EosioClang-build/CMakeFiles/CMakeTmp'
Building C object CMakeFiles/cmTC_2362e.dir/CheckFunctionExists.c.o
/usr/bin/cc   -DCHECK_FUNCTION_EXISTS=pfm_initialize   -o CMakeFiles/cmTC_2362e.dir/CheckFunctionExists.c.o   -c /usr/local/share/cmake-3.10/Modules/CheckFunctionExists.c
Linking C executable cmTC_2362e
/usr/local/bin/cmake -E cmake_link_script CMakeFiles/cmTC_2362e.dir/link.txt --verbose=1
/usr/bin/cc  -DCHECK_FUNCTION_EXISTS=pfm_initialize    CMakeFiles/cmTC_2362e.dir/CheckFunctionExists.c.o  -o cmTC_2362e -lpfm -lm 
/usr/bin/ld: cannot find -lpfm
collect2: error: ld returned 1 exit status
CMakeFiles/cmTC_2362e.dir/build.make:97: recipe for target 'cmTC_2362e' failed
make[4]: *** [cmTC_2362e] Error 1
make[4]: Leaving directory '/home/abinesh/eosio.cdt/build/EosioClang-prefix/src/EosioClang-build/CMakeFiles/CMakeTmp'
Makefile:126: recipe for target 'cmTC_2362e/fast' failed
make[3]: *** [cmTC_2362e/fast] Error 2
make[3]: Leaving directory '/home/abinesh/eosio.cdt/build/EosioClang-prefix/src/EosioClang-build/CMakeFiles/CMakeTmp'


Determining if the pthread_create exist failed with the following output:
Change Dir: /home/abinesh/eosio.cdt/build/EosioClang-prefix/src/EosioClang-build/CMakeFiles/CMakeTmp

Run Build Command:"/usr/bin/make" "cmTC_a2f99/fast"
make[3]: Entering directory '/home/abinesh/eosio.cdt/build/EosioClang-prefix/src/EosioClang-build/CMakeFiles/CMakeTmp'
/usr/bin/make -f CMakeFiles/cmTC_a2f99.dir/build.make CMakeFiles/cmTC_a2f99.dir/build
make[4]: Entering directory '/home/abinesh/eosio.cdt/build/EosioClang-prefix/src/EosioClang-build/CMakeFiles/CMakeTmp'
Building C object CMakeFiles/cmTC_a2f99.dir/CheckSymbolExists.c.o
/usr/bin/cc    -o CMakeFiles/cmTC_a2f99.dir/CheckSymbolExists.c.o   -c /home/abinesh/eosio.cdt/build/EosioClang-prefix/src/EosioClang-build/CMakeFiles/CMakeTmp/CheckSymbolExists.c
Linking C executable cmTC_a2f99
/usr/local/bin/cmake -E cmake_link_script CMakeFiles/cmTC_a2f99.dir/link.txt --verbose=1
/usr/bin/cc      CMakeFiles/cmTC_a2f99.dir/CheckSymbolExists.c.o  -o cmTC_a2f99 -lm 
CMakeFiles/cmTC_a2f99.dir/CheckSymbolExists.c.o: In function `main':
CheckSymbolExists.c:(.text+0x16): undefined reference to `pthread_create'
collect2: error: ld returned 1 exit status
CMakeFiles/cmTC_a2f99.dir/build.make:97: recipe for target 'cmTC_a2f99' failed
make[4]: *** [cmTC_a2f99] Error 1
make[4]: Leaving directory '/home/abinesh/eosio.cdt/build/EosioClang-prefix/src/EosioClang-build/CMakeFiles/CMakeTmp'
Makefile:126: recipe for target 'cmTC_a2f99/fast' failed
make[3]: *** [cmTC_a2f99/fast] Error 2
make[3]: Leaving directory '/home/abinesh/eosio.cdt/build/EosioClang-prefix/src/EosioClang-build/CMakeFiles/CMakeTmp'

File /home/abinesh/eosio.cdt/build/EosioClang-prefix/src/EosioClang-build/CMakeFiles/CMakeTmp/CheckSymbolExists.c:
/* */
#include <pthread.h>

int main(int argc, char** argv)
{
  (void)argv;
#ifndef pthread_create
  return ((int*)(&pthread_create))[argc];
#else
  (void)argc;
  return 0;
#endif
}

Determining if the function pthread_create exists in the pthreads failed with the following output:
Change Dir: /home/abinesh/eosio.cdt/build/EosioClang-prefix/src/EosioClang-build/CMakeFiles/CMakeTmp

Run Build Command:"/usr/bin/make" "cmTC_8ea41/fast"
make[3]: Entering directory '/home/abinesh/eosio.cdt/build/EosioClang-prefix/src/EosioClang-build/CMakeFiles/CMakeTmp'
/usr/bin/make -f CMakeFiles/cmTC_8ea41.dir/build.make CMakeFiles/cmTC_8ea41.dir/build
make[4]: Entering directory '/home/abinesh/eosio.cdt/build/EosioClang-prefix/src/EosioClang-build/CMakeFiles/CMakeTmp'
Building C object CMakeFiles/cmTC_8ea41.dir/CheckFunctionExists.c.o
/usr/bin/cc   -DCHECK_FUNCTION_EXISTS=pthread_create   -o CMakeFiles/cmTC_8ea41.dir/CheckFunctionExists.c.o   -c /usr/local/share/cmake-3.10/Modules/CheckFunctionExists.c
Linking C executable cmTC_8ea41
/usr/local/bin/cmake -E cmake_link_script CMakeFiles/cmTC_8ea41.dir/link.txt --verbose=1
/usr/bin/cc  -DCHECK_FUNCTION_EXISTS=pthread_create    CMakeFiles/cmTC_8ea41.dir/CheckFunctionExists.c.o  -o cmTC_8ea41 -lpthreads -lm 
/usr/bin/ld: cannot find -lpthreads
collect2: error: ld returned 1 exit status
CMakeFiles/cmTC_8ea41.dir/build.make:97: recipe for target 'cmTC_8ea41' failed
make[4]: *** [cmTC_8ea41] Error 1
make[4]: Leaving directory '/home/abinesh/eosio.cdt/build/EosioClang-prefix/src/EosioClang-build/CMakeFiles/CMakeTmp'
Makefile:126: recipe for target 'cmTC_8ea41/fast' failed
make[3]: *** [cmTC_8ea41/fast] Error 2
make[3]: Leaving directory '/home/abinesh/eosio.cdt/build/EosioClang-prefix/src/EosioClang-build/CMakeFiles/CMakeTmp'


Determining if the function xar_open exists in the xar failed with the following output:
Change Dir: /home/abinesh/eosio.cdt/build/EosioClang-prefix/src/EosioClang-build/CMakeFiles/CMakeTmp

Run Build Command:"/usr/bin/make" "cmTC_105af/fast"
make[3]: Entering directory '/home/abinesh/eosio.cdt/build/EosioClang-prefix/src/EosioClang-build/CMakeFiles/CMakeTmp'
/usr/bin/make -f CMakeFiles/cmTC_105af.dir/build.make CMakeFiles/cmTC_105af.dir/build
make[4]: Entering directory '/home/abinesh/eosio.cdt/build/EosioClang-prefix/src/EosioClang-build/CMakeFiles/CMakeTmp'
Building C object CMakeFiles/cmTC_105af.dir/CheckFunctionExists.c.o
/usr/bin/cc   -DCHECK_FUNCTION_EXISTS=xar_open   -o CMakeFiles/cmTC_105af.dir/CheckFunctionExists.c.o   -c /usr/local/share/cmake-3.10/Modules/CheckFunctionExists.c
Linking C executable cmTC_105af
/usr/local/bin/cmake -E cmake_link_script CMakeFiles/cmTC_105af.dir/link.txt --verbose=1
/usr/bin/cc  -DCHECK_FUNCTION_EXISTS=xar_open    CMakeFiles/cmTC_105af.dir/CheckFunctionExists.c.o  -o cmTC_105af -lxar -lm 
/usr/bin/ld: cannot find -lxar
collect2: error: ld returned 1 exit status
CMakeFiles/cmTC_105af.dir/build.make:97: recipe for target 'cmTC_105af' failed
make[4]: *** [cmTC_105af] Error 1
make[4]: Leaving directory '/home/abinesh/eosio.cdt/build/EosioClang-prefix/src/EosioClang-build/CMakeFiles/CMakeTmp'
Makefile:126: recipe for target 'cmTC_105af/fast' failed
make[3]: *** [cmTC_105af/fast] Error 2
make[3]: Leaving directory '/home/abinesh/eosio.cdt/build/EosioClang-prefix/src/EosioClang-build/CMakeFiles/CMakeTmp'


Determining if the arc4random exist failed with the following output:
Change Dir: /home/abinesh/eosio.cdt/build/EosioClang-prefix/src/EosioClang-build/CMakeFiles/CMakeTmp

Run Build Command:"/usr/bin/make" "cmTC_56254/fast"
make[3]: Entering directory '/home/abinesh/eosio.cdt/build/EosioClang-prefix/src/EosioClang-build/CMakeFiles/CMakeTmp'
/usr/bin/make -f CMakeFiles/cmTC_56254.dir/build.make CMakeFiles/cmTC_56254.dir/build
make[4]: Entering directory '/home/abinesh/eosio.cdt/build/EosioClang-prefix/src/EosioClang-build/CMakeFiles/CMakeTmp'
Building C object CMakeFiles/cmTC_56254.dir/CheckSymbolExists.c.o
/usr/bin/cc    -o CMakeFiles/cmTC_56254.dir/CheckSymbolExists.c.o   -c /home/abinesh/eosio.cdt/build/EosioClang-prefix/src/EosioClang-build/CMakeFiles/CMakeTmp/CheckSymbolExists.c
/home/abinesh/eosio.cdt/build/EosioClang-prefix/src/EosioClang-build/CMakeFiles/CMakeTmp/CheckSymbolExists.c: In function ‘main’:
/home/abinesh/eosio.cdt/build/EosioClang-prefix/src/EosioClang-build/CMakeFiles/CMakeTmp/CheckSymbolExists.c:8:19: error: ‘arc4random’ undeclared (first use in this function)
   return ((int*)(&arc4random))[argc];
                   ^
/home/abinesh/eosio.cdt/build/EosioClang-prefix/src/EosioClang-build/CMakeFiles/CMakeTmp/CheckSymbolExists.c:8:19: note: each undeclared identifier is reported only once for each function it appears in
CMakeFiles/cmTC_56254.dir/build.make:65: recipe for target 'CMakeFiles/cmTC_56254.dir/CheckSymbolExists.c.o' failed
make[4]: *** [CMakeFiles/cmTC_56254.dir/CheckSymbolExists.c.o] Error 1
make[4]: Leaving directory '/home/abinesh/eosio.cdt/build/EosioClang-prefix/src/EosioClang-build/CMakeFiles/CMakeTmp'
Makefile:126: recipe for target 'cmTC_56254/fast' failed
make[3]: *** [cmTC_56254/fast] Error 2
make[3]: Leaving directory '/home/abinesh/eosio.cdt/build/EosioClang-prefix/src/EosioClang-build/CMakeFiles/CMakeTmp'

File /home/abinesh/eosio.cdt/build/EosioClang-prefix/src/EosioClang-build/CMakeFiles/CMakeTmp/CheckSymbolExists.c:
/* */
#include <stdlib.h>

int main(int argc, char** argv)
{
  (void)argv;
#ifndef arc4random
  return ((int*)(&arc4random))[argc];
#else
  (void)argc;
  return 0;
#endif
}

Performing C SOURCE FILE Test C_SUPPORTS_WERROR_UNGUARDED_AVAILABILITY_NEW failed with the following output:
Change Dir: /home/abinesh/eosio.cdt/build/EosioClang-prefix/src/EosioClang-build/CMakeFiles/CMakeTmp

Run Build Command:"/usr/bin/make" "cmTC_b7907/fast"
make[3]: Entering directory '/home/abinesh/eosio.cdt/build/EosioClang-prefix/src/EosioClang-build/CMakeFiles/CMakeTmp'
/usr/bin/make -f CMakeFiles/cmTC_b7907.dir/build.make CMakeFiles/cmTC_b7907.dir/build
make[4]: Entering directory '/home/abinesh/eosio.cdt/build/EosioClang-prefix/src/EosioClang-build/CMakeFiles/CMakeTmp'
Building C object CMakeFiles/cmTC_b7907.dir/src.c.o
/usr/bin/cc   -DC_SUPPORTS_WERROR_UNGUARDED_AVAILABILITY_NEW   -Werror=unguarded-availability-new -o CMakeFiles/cmTC_b7907.dir/src.c.o   -c /home/abinesh/eosio.cdt/build/EosioClang-prefix/src/EosioClang-build/CMakeFiles/CMakeTmp/src.c
cc1: error: -Werror=unguarded-availability-new: no option -Wunguarded-availability-new
CMakeFiles/cmTC_b7907.dir/build.make:65: recipe for target 'CMakeFiles/cmTC_b7907.dir/src.c.o' failed
make[4]: *** [CMakeFiles/cmTC_b7907.dir/src.c.o] Error 1
make[4]: Leaving directory '/home/abinesh/eosio.cdt/build/EosioClang-prefix/src/EosioClang-build/CMakeFiles/CMakeTmp'
Makefile:126: recipe for target 'cmTC_b7907/fast' failed
make[3]: *** [cmTC_b7907/fast] Error 2
make[3]: Leaving directory '/home/abinesh/eosio.cdt/build/EosioClang-prefix/src/EosioClang-build/CMakeFiles/CMakeTmp'

Source file was:
int main(void) { return 0; }
Determining if the mallctl exist failed with the following output:
Change Dir: /home/abinesh/eosio.cdt/build/EosioClang-prefix/src/EosioClang-build/CMakeFiles/CMakeTmp

Run Build Command:"/usr/bin/make" "cmTC_33f6a/fast"
make[3]: Entering directory '/home/abinesh/eosio.cdt/build/EosioClang-prefix/src/EosioClang-build/CMakeFiles/CMakeTmp'
/usr/bin/make -f CMakeFiles/cmTC_33f6a.dir/build.make CMakeFiles/cmTC_33f6a.dir/build
make[4]: Entering directory '/home/abinesh/eosio.cdt/build/EosioClang-prefix/src/EosioClang-build/CMakeFiles/CMakeTmp'
Building C object CMakeFiles/cmTC_33f6a.dir/CheckSymbolExists.c.o
/usr/bin/cc    -o CMakeFiles/cmTC_33f6a.dir/CheckSymbolExists.c.o   -c /home/abinesh/eosio.cdt/build/EosioClang-prefix/src/EosioClang-build/CMakeFiles/CMakeTmp/CheckSymbolExists.c
/home/abinesh/eosio.cdt/build/EosioClang-prefix/src/EosioClang-build/CMakeFiles/CMakeTmp/CheckSymbolExists.c:2:23: fatal error: malloc_np.h: No such file or directory
compilation terminated.
CMakeFiles/cmTC_33f6a.dir/build.make:65: recipe for target 'CMakeFiles/cmTC_33f6a.dir/CheckSymbolExists.c.o' failed
make[4]: *** [CMakeFiles/cmTC_33f6a.dir/CheckSymbolExists.c.o] Error 1
make[4]: Leaving directory '/home/abinesh/eosio.cdt/build/EosioClang-prefix/src/EosioClang-build/CMakeFiles/CMakeTmp'
Makefile:126: recipe for target 'cmTC_33f6a/fast' failed
make[3]: *** [cmTC_33f6a/fast] Error 2
make[3]: Leaving directory '/home/abinesh/eosio.cdt/build/EosioClang-prefix/src/EosioClang-build/CMakeFiles/CMakeTmp'

File /home/abinesh/eosio.cdt/build/EosioClang-prefix/src/EosioClang-build/CMakeFiles/CMakeTmp/CheckSymbolExists.c:
/* */
#include <malloc_np.h>

int main(int argc, char** argv)
{
  (void)argv;
#ifndef mallctl
  return ((int*)(&mallctl))[argc];
#else
  (void)argc;
  return 0;
#endif
}

Determining if the malloc_zone_statistics exist failed with the following output:
Change Dir: /home/abinesh/eosio.cdt/build/EosioClang-prefix/src/EosioClang-build/CMakeFiles/CMakeTmp

Run Build Command:"/usr/bin/make" "cmTC_245bc/fast"
make[3]: Entering directory '/home/abinesh/eosio.cdt/build/EosioClang-prefix/src/EosioClang-build/CMakeFiles/CMakeTmp'
/usr/bin/make -f CMakeFiles/cmTC_245bc.dir/build.make CMakeFiles/cmTC_245bc.dir/build
make[4]: Entering directory '/home/abinesh/eosio.cdt/build/EosioClang-prefix/src/EosioClang-build/CMakeFiles/CMakeTmp'
Building C object CMakeFiles/cmTC_245bc.dir/CheckSymbolExists.c.o
/usr/bin/cc    -o CMakeFiles/cmTC_245bc.dir/CheckSymbolExists.c.o   -c /home/abinesh/eosio.cdt/build/EosioClang-prefix/src/EosioClang-build/CMakeFiles/CMakeTmp/CheckSymbolExists.c
/home/abinesh/eosio.cdt/build/EosioClang-prefix/src/EosioClang-build/CMakeFiles/CMakeTmp/CheckSymbolExists.c:2:27: fatal error: malloc/malloc.h: No such file or directory
compilation terminated.
CMakeFiles/cmTC_245bc.dir/build.make:65: recipe for target 'CMakeFiles/cmTC_245bc.dir/CheckSymbolExists.c.o' failed
make[4]: *** [CMakeFiles/cmTC_245bc.dir/CheckSymbolExists.c.o] Error 1
make[4]: Leaving directory '/home/abinesh/eosio.cdt/build/EosioClang-prefix/src/EosioClang-build/CMakeFiles/CMakeTmp'
Makefile:126: recipe for target 'cmTC_245bc/fast' failed
make[3]: *** [cmTC_245bc/fast] Error 2
make[3]: Leaving directory '/home/abinesh/eosio.cdt/build/EosioClang-prefix/src/EosioClang-build/CMakeFiles/CMakeTmp'

File /home/abinesh/eosio.cdt/build/EosioClang-prefix/src/EosioClang-build/CMakeFiles/CMakeTmp/CheckSymbolExists.c:
/* */
#include <malloc/malloc.h>

int main(int argc, char** argv)
{
  (void)argv;
#ifndef malloc_zone_statistics
  return ((int*)(&malloc_zone_statistics))[argc];
#else
  (void)argc;
  return 0;
#endif
}

Determining if the strerror_s exist failed with the following output:
Change Dir: /home/abinesh/eosio.cdt/build/EosioClang-prefix/src/EosioClang-build/CMakeFiles/CMakeTmp

Run Build Command:"/usr/bin/make" "cmTC_23e7e/fast"
make[3]: Entering directory '/home/abinesh/eosio.cdt/build/EosioClang-prefix/src/EosioClang-build/CMakeFiles/CMakeTmp'
/usr/bin/make -f CMakeFiles/cmTC_23e7e.dir/build.make CMakeFiles/cmTC_23e7e.dir/build
make[4]: Entering directory '/home/abinesh/eosio.cdt/build/EosioClang-prefix/src/EosioClang-build/CMakeFiles/CMakeTmp'
Building C object CMakeFiles/cmTC_23e7e.dir/CheckSymbolExists.c.o
/usr/bin/cc    -o CMakeFiles/cmTC_23e7e.dir/CheckSymbolExists.c.o   -c /home/abinesh/eosio.cdt/build/EosioClang-prefix/src/EosioClang-build/CMakeFiles/CMakeTmp/CheckSymbolExists.c
/home/abinesh/eosio.cdt/build/EosioClang-prefix/src/EosioClang-build/CMakeFiles/CMakeTmp/CheckSymbolExists.c: In function ‘main’:
/home/abinesh/eosio.cdt/build/EosioClang-prefix/src/EosioClang-build/CMakeFiles/CMakeTmp/CheckSymbolExists.c:8:19: error: ‘strerror_s’ undeclared (first use in this function)
   return ((int*)(&strerror_s))[argc];
                   ^
/home/abinesh/eosio.cdt/build/EosioClang-prefix/src/EosioClang-build/CMakeFiles/CMakeTmp/CheckSymbolExists.c:8:19: note: each undeclared identifier is reported only once for each function it appears in
CMakeFiles/cmTC_23e7e.dir/build.make:65: recipe for target 'CMakeFiles/cmTC_23e7e.dir/CheckSymbolExists.c.o' failed
make[4]: *** [CMakeFiles/cmTC_23e7e.dir/CheckSymbolExists.c.o] Error 1
make[4]: Leaving directory '/home/abinesh/eosio.cdt/build/EosioClang-prefix/src/EosioClang-build/CMakeFiles/CMakeTmp'
Makefile:126: recipe for target 'cmTC_23e7e/fast' failed
make[3]: *** [cmTC_23e7e/fast] Error 2
make[3]: Leaving directory '/home/abinesh/eosio.cdt/build/EosioClang-prefix/src/EosioClang-build/CMakeFiles/CMakeTmp'

File /home/abinesh/eosio.cdt/build/EosioClang-prefix/src/EosioClang-build/CMakeFiles/CMakeTmp/CheckSymbolExists.c:
/* */
#include <string.h>

int main(int argc, char** argv)
{
  (void)argv;
#ifndef strerror_s
  return ((int*)(&strerror_s))[argc];
#else
  (void)argc;
  return 0;
#endif
}

Determining if the dladdr exist failed with the following output:
Change Dir: /home/abinesh/eosio.cdt/build/EosioClang-prefix/src/EosioClang-build/CMakeFiles/CMakeTmp

Run Build Command:"/usr/bin/make" "cmTC_f1e48/fast"
make[3]: Entering directory '/home/abinesh/eosio.cdt/build/EosioClang-prefix/src/EosioClang-build/CMakeFiles/CMakeTmp'
/usr/bin/make -f CMakeFiles/cmTC_f1e48.dir/build.make CMakeFiles/cmTC_f1e48.dir/build
make[4]: Entering directory '/home/abinesh/eosio.cdt/build/EosioClang-prefix/src/EosioClang-build/CMakeFiles/CMakeTmp'
Building C object CMakeFiles/cmTC_f1e48.dir/CheckSymbolExists.c.o
/usr/bin/cc    -o CMakeFiles/cmTC_f1e48.dir/CheckSymbolExists.c.o   -c /home/abinesh/eosio.cdt/build/EosioClang-prefix/src/EosioClang-build/CMakeFiles/CMakeTmp/CheckSymbolExists.c
/home/abinesh/eosio.cdt/build/EosioClang-prefix/src/EosioClang-build/CMakeFiles/CMakeTmp/CheckSymbolExists.c: In function ‘main’:
/home/abinesh/eosio.cdt/build/EosioClang-prefix/src/EosioClang-build/CMakeFiles/CMakeTmp/CheckSymbolExists.c:8:19: error: ‘dladdr’ undeclared (first use in this function)
   return ((int*)(&dladdr))[argc];
                   ^
/home/abinesh/eosio.cdt/build/EosioClang-prefix/src/EosioClang-build/CMakeFiles/CMakeTmp/CheckSymbolExists.c:8:19: note: each undeclared identifier is reported only once for each function it appears in
CMakeFiles/cmTC_f1e48.dir/build.make:65: recipe for target 'CMakeFiles/cmTC_f1e48.dir/CheckSymbolExists.c.o' failed
make[4]: *** [CMakeFiles/cmTC_f1e48.dir/CheckSymbolExists.c.o] Error 1
make[4]: Leaving directory '/home/abinesh/eosio.cdt/build/EosioClang-prefix/src/EosioClang-build/CMakeFiles/CMakeTmp'
Makefile:126: recipe for target 'cmTC_f1e48/fast' failed
make[3]: *** [cmTC_f1e48/fast] Error 2
make[3]: Leaving directory '/home/abinesh/eosio.cdt/build/EosioClang-prefix/src/EosioClang-build/CMakeFiles/CMakeTmp'

File /home/abinesh/eosio.cdt/build/EosioClang-prefix/src/EosioClang-build/CMakeFiles/CMakeTmp/CheckSymbolExists.c:
/* */
#include <dlfcn.h>

int main(int argc, char** argv)
{
  (void)argv;
#ifndef dladdr
  return ((int*)(&dladdr))[argc];
#else
  (void)argc;
  return 0;
#endif
}

Performing C++ SOURCE FILE Test SUPPORTS_GNU_ZERO_VARIADIC_MACRO_ARGUMENTS_FLAG failed with the following output:
Change Dir: /home/abinesh/eosio.cdt/build/EosioClang-prefix/src/EosioClang-build/CMakeFiles/CMakeTmp

Run Build Command:"/usr/bin/make" "cmTC_e4c9f/fast"
make[3]: Entering directory '/home/abinesh/eosio.cdt/build/EosioClang-prefix/src/EosioClang-build/CMakeFiles/CMakeTmp'
/usr/bin/make -f CMakeFiles/cmTC_e4c9f.dir/build.make CMakeFiles/cmTC_e4c9f.dir/build
make[4]: Entering directory '/home/abinesh/eosio.cdt/build/EosioClang-prefix/src/EosioClang-build/CMakeFiles/CMakeTmp'
Building CXX object CMakeFiles/cmTC_e4c9f.dir/src.cxx.o
/usr/bin/c++    -DSUPPORTS_GNU_ZERO_VARIADIC_MACRO_ARGUMENTS_FLAG   -Wgnu-zero-variadic-macro-arguments -o CMakeFiles/cmTC_e4c9f.dir/src.cxx.o -c /home/abinesh/eosio.cdt/build/EosioClang-prefix/src/EosioClang-build/CMakeFiles/CMakeTmp/src.cxx
c++: error: unrecognized command line option '-Wgnu-zero-variadic-macro-arguments'
CMakeFiles/cmTC_e4c9f.dir/build.make:65: recipe for target 'CMakeFiles/cmTC_e4c9f.dir/src.cxx.o' failed
make[4]: *** [CMakeFiles/cmTC_e4c9f.dir/src.cxx.o] Error 1
make[4]: Leaving directory '/home/abinesh/eosio.cdt/build/EosioClang-prefix/src/EosioClang-build/CMakeFiles/CMakeTmp'
Makefile:126: recipe for target 'cmTC_e4c9f/fast' failed
make[3]: *** [cmTC_e4c9f/fast] Error 2
make[3]: Leaving directory '/home/abinesh/eosio.cdt/build/EosioClang-prefix/src/EosioClang-build/CMakeFiles/CMakeTmp'

Source file was:
int main() { return 0; }
Performing C++ SOURCE FILE Test CXX_SUPPORTS_WERROR_UNGUARDED_AVAILABILITY_NEW failed with the following output:
Change Dir: /home/abinesh/eosio.cdt/build/EosioClang-prefix/src/EosioClang-build/CMakeFiles/CMakeTmp

Run Build Command:"/usr/bin/make" "cmTC_09ba9/fast"
make[3]: Entering directory '/home/abinesh/eosio.cdt/build/EosioClang-prefix/src/EosioClang-build/CMakeFiles/CMakeTmp'
/usr/bin/make -f CMakeFiles/cmTC_09ba9.dir/build.make CMakeFiles/cmTC_09ba9.dir/build
make[4]: Entering directory '/home/abinesh/eosio.cdt/build/EosioClang-prefix/src/EosioClang-build/CMakeFiles/CMakeTmp'
Building CXX object CMakeFiles/cmTC_09ba9.dir/src.cxx.o
/usr/bin/c++    -fPIC -fvisibility-inlines-hidden -Werror=date-time -DCXX_SUPPORTS_WERROR_UNGUARDED_AVAILABILITY_NEW   -Werror -Werror=unguarded-availability-new -o CMakeFiles/cmTC_09ba9.dir/src.cxx.o -c /home/abinesh/eosio.cdt/build/EosioClang-prefix/src/EosioClang-build/CMakeFiles/CMakeTmp/src.cxx
cc1plus: error: -Werror=unguarded-availability-new: no option -Wunguarded-availability-new
CMakeFiles/cmTC_09ba9.dir/build.make:65: recipe for target 'CMakeFiles/cmTC_09ba9.dir/src.cxx.o' failed
make[4]: *** [CMakeFiles/cmTC_09ba9.dir/src.cxx.o] Error 1
make[4]: Leaving directory '/home/abinesh/eosio.cdt/build/EosioClang-prefix/src/EosioClang-build/CMakeFiles/CMakeTmp'
Makefile:126: recipe for target 'cmTC_09ba9/fast' failed
make[3]: *** [cmTC_09ba9/fast] Error 2
make[3]: Leaving directory '/home/abinesh/eosio.cdt/build/EosioClang-prefix/src/EosioClang-build/CMakeFiles/CMakeTmp'

Source file was:
int main() { return 0; }
Performing C SOURCE FILE Test C_SUPPORTS_COVERED_SWITCH_DEFAULT_FLAG failed with the following output:
Change Dir: /home/abinesh/eosio.cdt/build/EosioClang-prefix/src/EosioClang-build/CMakeFiles/CMakeTmp

Run Build Command:"/usr/bin/make" "cmTC_1e821/fast"
make[3]: Entering directory '/home/abinesh/eosio.cdt/build/EosioClang-prefix/src/EosioClang-build/CMakeFiles/CMakeTmp'
/usr/bin/make -f CMakeFiles/cmTC_1e821.dir/build.make CMakeFiles/cmTC_1e821.dir/build
make[4]: Entering directory '/home/abinesh/eosio.cdt/build/EosioClang-prefix/src/EosioClang-build/CMakeFiles/CMakeTmp'
Building C object CMakeFiles/cmTC_1e821.dir/src.c.o
/usr/bin/cc   -fPIC -Werror=date-time -Wall -Wextra -Wno-unused-parameter -Wwrite-strings -Wno-missing-field-initializers -pedantic -Wno-long-long -DC_SUPPORTS_COVERED_SWITCH_DEFAULT_FLAG   -Werror -Wcovered-switch-default -o CMakeFiles/cmTC_1e821.dir/src.c.o   -c /home/abinesh/eosio.cdt/build/EosioClang-prefix/src/EosioClang-build/CMakeFiles/CMakeTmp/src.c
cc: error: unrecognized command line option '-Wcovered-switch-default'
CMakeFiles/cmTC_1e821.dir/build.make:65: recipe for target 'CMakeFiles/cmTC_1e821.dir/src.c.o' failed
make[4]: *** [CMakeFiles/cmTC_1e821.dir/src.c.o] Error 1
make[4]: Leaving directory '/home/abinesh/eosio.cdt/build/EosioClang-prefix/src/EosioClang-build/CMakeFiles/CMakeTmp'
Makefile:126: recipe for target 'cmTC_1e821/fast' failed
make[3]: *** [cmTC_1e821/fast] Error 2
make[3]: Leaving directory '/home/abinesh/eosio.cdt/build/EosioClang-prefix/src/EosioClang-build/CMakeFiles/CMakeTmp'

Source file was:
int main(void) { return 0; }
Performing C++ SOURCE FILE Test CXX_SUPPORTS_COVERED_SWITCH_DEFAULT_FLAG failed with the following output:
Change Dir: /home/abinesh/eosio.cdt/build/EosioClang-prefix/src/EosioClang-build/CMakeFiles/CMakeTmp

Run Build Command:"/usr/bin/make" "cmTC_c073d/fast"
make[3]: Entering directory '/home/abinesh/eosio.cdt/build/EosioClang-prefix/src/EosioClang-build/CMakeFiles/CMakeTmp'
/usr/bin/make -f CMakeFiles/cmTC_c073d.dir/build.make CMakeFiles/cmTC_c073d.dir/build
make[4]: Entering directory '/home/abinesh/eosio.cdt/build/EosioClang-prefix/src/EosioClang-build/CMakeFiles/CMakeTmp'
Building CXX object CMakeFiles/cmTC_c073d.dir/src.cxx.o
/usr/bin/c++    -fPIC -fvisibility-inlines-hidden -Werror=date-time -std=c++11 -Wall -Wextra -Wno-unused-parameter -Wwrite-strings -Wcast-qual -Wno-missing-field-initializers -pedantic -Wno-long-long -DCXX_SUPPORTS_COVERED_SWITCH_DEFAULT_FLAG   -Werror -Wcovered-switch-default -o CMakeFiles/cmTC_c073d.dir/src.cxx.o -c /home/abinesh/eosio.cdt/build/EosioClang-prefix/src/EosioClang-build/CMakeFiles/CMakeTmp/src.cxx
c++: error: unrecognized command line option '-Wcovered-switch-default'
CMakeFiles/cmTC_c073d.dir/build.make:65: recipe for target 'CMakeFiles/cmTC_c073d.dir/src.cxx.o' failed
make[4]: *** [CMakeFiles/cmTC_c073d.dir/src.cxx.o] Error 1
make[4]: Leaving directory '/home/abinesh/eosio.cdt/build/EosioClang-prefix/src/EosioClang-build/CMakeFiles/CMakeTmp'
Makefile:126: recipe for target 'cmTC_c073d/fast' failed
make[3]: *** [cmTC_c073d/fast] Error 2
make[3]: Leaving directory '/home/abinesh/eosio.cdt/build/EosioClang-prefix/src/EosioClang-build/CMakeFiles/CMakeTmp'

Source file was:
int main() { return 0; }
Performing C SOURCE FILE Test C_SUPPORTS_DELETE_NON_VIRTUAL_DTOR_FLAG failed with the following output:
Change Dir: /home/abinesh/eosio.cdt/build/EosioClang-prefix/src/EosioClang-build/CMakeFiles/CMakeTmp

Run Build Command:"/usr/bin/make" "cmTC_8135f/fast"
make[3]: Entering directory '/home/abinesh/eosio.cdt/build/EosioClang-prefix/src/EosioClang-build/CMakeFiles/CMakeTmp'
/usr/bin/make -f CMakeFiles/cmTC_8135f.dir/build.make CMakeFiles/cmTC_8135f.dir/build
make[4]: Entering directory '/home/abinesh/eosio.cdt/build/EosioClang-prefix/src/EosioClang-build/CMakeFiles/CMakeTmp'
Building C object CMakeFiles/cmTC_8135f.dir/src.c.o
/usr/bin/cc   -fPIC -Werror=date-time -Wall -Wextra -Wno-unused-parameter -Wwrite-strings -Wno-missing-field-initializers -pedantic -Wno-long-long -DC_SUPPORTS_DELETE_NON_VIRTUAL_DTOR_FLAG   -Werror -Wdelete-non-virtual-dtor -o CMakeFiles/cmTC_8135f.dir/src.c.o   -c /home/abinesh/eosio.cdt/build/EosioClang-prefix/src/EosioClang-build/CMakeFiles/CMakeTmp/src.c
cc1: error: command line option '-Wdelete-non-virtual-dtor' is valid for C++/ObjC++ but not for C [-Werror]
cc1: all warnings being treated as errors
CMakeFiles/cmTC_8135f.dir/build.make:65: recipe for target 'CMakeFiles/cmTC_8135f.dir/src.c.o' failed
make[4]: *** [CMakeFiles/cmTC_8135f.dir/src.c.o] Error 1
make[4]: Leaving directory '/home/abinesh/eosio.cdt/build/EosioClang-prefix/src/EosioClang-build/CMakeFiles/CMakeTmp'
Makefile:126: recipe for target 'cmTC_8135f/fast' failed
make[3]: *** [cmTC_8135f/fast] Error 2
make[3]: Leaving directory '/home/abinesh/eosio.cdt/build/EosioClang-prefix/src/EosioClang-build/CMakeFiles/CMakeTmp'

Source file was:
int main(void) { return 0; }
Performing C SOURCE FILE Test C_WCOMMENT_ALLOWS_LINE_WRAP failed with the following output:
Change Dir: /home/abinesh/eosio.cdt/build/EosioClang-prefix/src/EosioClang-build/CMakeFiles/CMakeTmp

Run Build Command:"/usr/bin/make" "cmTC_19aff/fast"
make[3]: Entering directory '/home/abinesh/eosio.cdt/build/EosioClang-prefix/src/EosioClang-build/CMakeFiles/CMakeTmp'
/usr/bin/make -f CMakeFiles/cmTC_19aff.dir/build.make CMakeFiles/cmTC_19aff.dir/build
make[4]: Entering directory '/home/abinesh/eosio.cdt/build/EosioClang-prefix/src/EosioClang-build/CMakeFiles/CMakeTmp'
Building C object CMakeFiles/cmTC_19aff.dir/src.c.o
/usr/bin/cc -D_GNU_SOURCE  -fPIC -Werror=date-time -Wall -Wextra -Wno-unused-parameter -Wwrite-strings -Wno-missing-field-initializers -pedantic -Wno-long-long -DC_WCOMMENT_ALLOWS_LINE_WRAP  -Werror -Wcomment   -o CMakeFiles/cmTC_19aff.dir/src.c.o   -c /home/abinesh/eosio.cdt/build/EosioClang-prefix/src/EosioClang-build/CMakeFiles/CMakeTmp/src.c
/home/abinesh/eosio.cdt/build/EosioClang-prefix/src/EosioClang-build/CMakeFiles/CMakeTmp/src.c:1:1: error: multi-line comment [-Werror=comment]
 // \
 ^
cc1: all warnings being treated as errors
CMakeFiles/cmTC_19aff.dir/build.make:65: recipe for target 'CMakeFiles/cmTC_19aff.dir/src.c.o' failed
make[4]: *** [CMakeFiles/cmTC_19aff.dir/src.c.o] Error 1
make[4]: Leaving directory '/home/abinesh/eosio.cdt/build/EosioClang-prefix/src/EosioClang-build/CMakeFiles/CMakeTmp'
Makefile:126: recipe for target 'cmTC_19aff/fast' failed
make[3]: *** [cmTC_19aff/fast] Error 2
make[3]: Leaving directory '/home/abinesh/eosio.cdt/build/EosioClang-prefix/src/EosioClang-build/CMakeFiles/CMakeTmp'

Source file was:
// \
//
int main() {return 0;}
Performing C SOURCE FILE Test C_SUPPORTS_STRING_CONVERSION_FLAG failed with the following output:
Change Dir: /home/abinesh/eosio.cdt/build/EosioClang-prefix/src/EosioClang-build/CMakeFiles/CMakeTmp

Run Build Command:"/usr/bin/make" "cmTC_764a1/fast"
make[3]: Entering directory '/home/abinesh/eosio.cdt/build/EosioClang-prefix/src/EosioClang-build/CMakeFiles/CMakeTmp'
/usr/bin/make -f CMakeFiles/cmTC_764a1.dir/build.make CMakeFiles/cmTC_764a1.dir/build
make[4]: Entering directory '/home/abinesh/eosio.cdt/build/EosioClang-prefix/src/EosioClang-build/CMakeFiles/CMakeTmp'
Building C object CMakeFiles/cmTC_764a1.dir/src.c.o
/usr/bin/cc   -fPIC -Werror=date-time -Wall -Wextra -Wno-unused-parameter -Wwrite-strings -Wno-missing-field-initializers -pedantic -Wno-long-long -Wno-comment -DC_SUPPORTS_STRING_CONVERSION_FLAG   -Werror -Wstring-conversion -o CMakeFiles/cmTC_764a1.dir/src.c.o   -c /home/abinesh/eosio.cdt/build/EosioClang-prefix/src/EosioClang-build/CMakeFiles/CMakeTmp/src.c
cc: error: unrecognized command line option '-Wstring-conversion'
CMakeFiles/cmTC_764a1.dir/build.make:65: recipe for target 'CMakeFiles/cmTC_764a1.dir/src.c.o' failed
make[4]: *** [CMakeFiles/cmTC_764a1.dir/src.c.o] Error 1
make[4]: Leaving directory '/home/abinesh/eosio.cdt/build/EosioClang-prefix/src/EosioClang-build/CMakeFiles/CMakeTmp'
Makefile:126: recipe for target 'cmTC_764a1/fast' failed
make[3]: *** [cmTC_764a1/fast] Error 2
make[3]: Leaving directory '/home/abinesh/eosio.cdt/build/EosioClang-prefix/src/EosioClang-build/CMakeFiles/CMakeTmp'

Source file was:
int main(void) { return 0; }
Performing C++ SOURCE FILE Test CXX_SUPPORTS_STRING_CONVERSION_FLAG failed with the following output:
Change Dir: /home/abinesh/eosio.cdt/build/EosioClang-prefix/src/EosioClang-build/CMakeFiles/CMakeTmp

Run Build Command:"/usr/bin/make" "cmTC_15182/fast"
make[3]: Entering directory '/home/abinesh/eosio.cdt/build/EosioClang-prefix/src/EosioClang-build/CMakeFiles/CMakeTmp'
/usr/bin/make -f CMakeFiles/cmTC_15182.dir/build.make CMakeFiles/cmTC_15182.dir/build
make[4]: Entering directory '/home/abinesh/eosio.cdt/build/EosioClang-prefix/src/EosioClang-build/CMakeFiles/CMakeTmp'
Building CXX object CMakeFiles/cmTC_15182.dir/src.cxx.o
/usr/bin/c++    -fPIC -fvisibility-inlines-hidden -Werror=date-time -std=c++11 -Wall -Wextra -Wno-unused-parameter -Wwrite-strings -Wcast-qual -Wno-missing-field-initializers -pedantic -Wno-long-long -Wno-maybe-uninitialized -Wdelete-non-virtual-dtor -Wno-comment -DCXX_SUPPORTS_STRING_CONVERSION_FLAG   -Werror -Wstring-conversion -o CMakeFiles/cmTC_15182.dir/src.cxx.o -c /home/abinesh/eosio.cdt/build/EosioClang-prefix/src/EosioClang-build/CMakeFiles/CMakeTmp/src.cxx
c++: error: unrecognized command line option '-Wstring-conversion'
CMakeFiles/cmTC_15182.dir/build.make:65: recipe for target 'CMakeFiles/cmTC_15182.dir/src.cxx.o' failed
make[4]: *** [CMakeFiles/cmTC_15182.dir/src.cxx.o] Error 1
make[4]: Leaving directory '/home/abinesh/eosio.cdt/build/EosioClang-prefix/src/EosioClang-build/CMakeFiles/CMakeTmp'
Makefile:126: recipe for target 'cmTC_15182/fast' failed
make[3]: *** [cmTC_15182/fast] Error 2
make[3]: Leaving directory '/home/abinesh/eosio.cdt/build/EosioClang-prefix/src/EosioClang-build/CMakeFiles/CMakeTmp'

Source file was:
int main() { return 0; }
Performing C++ SOURCE FILE Test CXX_SUPPORTS_NO_NESTED_ANON_TYPES_FLAG failed with the following output:
Change Dir: /home/abinesh/eosio.cdt/build/EosioClang-prefix/src/EosioClang-build/CMakeFiles/CMakeTmp

Run Build Command:"/usr/bin/make" "cmTC_05516/fast"
make[3]: Entering directory '/home/abinesh/eosio.cdt/build/EosioClang-prefix/src/EosioClang-build/CMakeFiles/CMakeTmp'
/usr/bin/make -f CMakeFiles/cmTC_05516.dir/build.make CMakeFiles/cmTC_05516.dir/build
make[4]: Entering directory '/home/abinesh/eosio.cdt/build/EosioClang-prefix/src/EosioClang-build/CMakeFiles/CMakeTmp'
Building CXX object CMakeFiles/cmTC_05516.dir/src.cxx.o
/usr/bin/c++    -fPIC -fvisibility-inlines-hidden -Werror=date-time -std=c++11 -Wall -Wextra -Wno-unused-parameter -Wwrite-strings -Wcast-qual -Wno-missing-field-initializers -pedantic -Wno-long-long -Wno-maybe-uninitialized -Wdelete-non-virtual-dtor -Wno-comment -ffunction-sections -fdata-sections -fno-common -Woverloaded-virtual -fno-strict-aliasing -DCXX_SUPPORTS_NO_NESTED_ANON_TYPES_FLAG   -Werror -Wnested-anon-types -o CMakeFiles/cmTC_05516.dir/src.cxx.o -c /home/abinesh/eosio.cdt/build/EosioClang-prefix/src/EosioClang-build/CMakeFiles/CMakeTmp/src.cxx
c++: error: unrecognized command line option '-Wnested-anon-types'
CMakeFiles/cmTC_05516.dir/build.make:65: recipe for target 'CMakeFiles/cmTC_05516.dir/src.cxx.o' failed
make[4]: *** [CMakeFiles/cmTC_05516.dir/src.cxx.o] Error 1
make[4]: Leaving directory '/home/abinesh/eosio.cdt/build/EosioClang-prefix/src/EosioClang-build/CMakeFiles/CMakeTmp'
Makefile:126: recipe for target 'cmTC_05516/fast' failed
make[3]: *** [cmTC_05516/fast] Error 2
make[3]: Leaving directory '/home/abinesh/eosio.cdt/build/EosioClang-prefix/src/EosioClang-build/CMakeFiles/CMakeTmp'

Source file was:
int main() { return 0; }
