Determining if the pthread_create exist failed with the following output:
Change Dir: /home/abinesh/eosio.cdt/build/EosioTools-prefix/src/EosioTools-build/CMakeFiles/CMakeTmp

Run Build Command:"/usr/bin/make" "cmTC_4c33a/fast"
make[3]: Entering directory '/home/abinesh/eosio.cdt/build/EosioTools-prefix/src/EosioTools-build/CMakeFiles/CMakeTmp'
/usr/bin/make -f CMakeFiles/cmTC_4c33a.dir/build.make CMakeFiles/cmTC_4c33a.dir/build
make[4]: Entering directory '/home/abinesh/eosio.cdt/build/EosioTools-prefix/src/EosioTools-build/CMakeFiles/CMakeTmp'
Building C object CMakeFiles/cmTC_4c33a.dir/CheckSymbolExists.c.o
/usr/bin/cc    -o CMakeFiles/cmTC_4c33a.dir/CheckSymbolExists.c.o   -c /home/abinesh/eosio.cdt/build/EosioTools-prefix/src/EosioTools-build/CMakeFiles/CMakeTmp/CheckSymbolExists.c
Linking C executable cmTC_4c33a
/usr/local/bin/cmake -E cmake_link_script CMakeFiles/cmTC_4c33a.dir/link.txt --verbose=1
/usr/bin/cc      -rdynamic CMakeFiles/cmTC_4c33a.dir/CheckSymbolExists.c.o  -o cmTC_4c33a 
CMakeFiles/cmTC_4c33a.dir/CheckSymbolExists.c.o: In function `main':
CheckSymbolExists.c:(.text+0x16): undefined reference to `pthread_create'
collect2: error: ld returned 1 exit status
CMakeFiles/cmTC_4c33a.dir/build.make:97: recipe for target 'cmTC_4c33a' failed
make[4]: *** [cmTC_4c33a] Error 1
make[4]: Leaving directory '/home/abinesh/eosio.cdt/build/EosioTools-prefix/src/EosioTools-build/CMakeFiles/CMakeTmp'
Makefile:126: recipe for target 'cmTC_4c33a/fast' failed
make[3]: *** [cmTC_4c33a/fast] Error 2
make[3]: Leaving directory '/home/abinesh/eosio.cdt/build/EosioTools-prefix/src/EosioTools-build/CMakeFiles/CMakeTmp'

File /home/abinesh/eosio.cdt/build/EosioTools-prefix/src/EosioTools-build/CMakeFiles/CMakeTmp/CheckSymbolExists.c:
/* */
#include <pthread.h>

int main(int argc, char** argv)
{
  (void)argv;
#ifndef pthread_create
  return ((int*)(&pthread_create))[argc];
#else
  (void)argc;
  return 0;
#endif
}

Determining if the function pthread_create exists in the pthreads failed with the following output:
Change Dir: /home/abinesh/eosio.cdt/build/EosioTools-prefix/src/EosioTools-build/CMakeFiles/CMakeTmp

Run Build Command:"/usr/bin/make" "cmTC_d0b07/fast"
make[3]: Entering directory '/home/abinesh/eosio.cdt/build/EosioTools-prefix/src/EosioTools-build/CMakeFiles/CMakeTmp'
/usr/bin/make -f CMakeFiles/cmTC_d0b07.dir/build.make CMakeFiles/cmTC_d0b07.dir/build
make[4]: Entering directory '/home/abinesh/eosio.cdt/build/EosioTools-prefix/src/EosioTools-build/CMakeFiles/CMakeTmp'
Building C object CMakeFiles/cmTC_d0b07.dir/CheckFunctionExists.c.o
/usr/bin/cc   -DCHECK_FUNCTION_EXISTS=pthread_create   -o CMakeFiles/cmTC_d0b07.dir/CheckFunctionExists.c.o   -c /usr/local/share/cmake-3.10/Modules/CheckFunctionExists.c
Linking C executable cmTC_d0b07
/usr/local/bin/cmake -E cmake_link_script CMakeFiles/cmTC_d0b07.dir/link.txt --verbose=1
/usr/bin/cc  -DCHECK_FUNCTION_EXISTS=pthread_create    -rdynamic CMakeFiles/cmTC_d0b07.dir/CheckFunctionExists.c.o  -o cmTC_d0b07 -lpthreads 
/usr/bin/ld: cannot find -lpthreads
collect2: error: ld returned 1 exit status
CMakeFiles/cmTC_d0b07.dir/build.make:97: recipe for target 'cmTC_d0b07' failed
make[4]: *** [cmTC_d0b07] Error 1
make[4]: Leaving directory '/home/abinesh/eosio.cdt/build/EosioTools-prefix/src/EosioTools-build/CMakeFiles/CMakeTmp'
Makefile:126: recipe for target 'cmTC_d0b07/fast' failed
make[3]: *** [cmTC_d0b07/fast] Error 2
make[3]: Leaving directory '/home/abinesh/eosio.cdt/build/EosioTools-prefix/src/EosioTools-build/CMakeFiles/CMakeTmp'


